2025-09-07 15:08:32,747 - INFO - Succesfully read YAML file
2025-09-07 15:08:32,747 - INFO - Data Ingestion started with proj_hotel_reservation_pred and file is proj_hotel_reservation_pred
2025-09-07 15:08:32,747 - INFO - Starting data ingestion process
2025-09-07 15:08:36,918 - INFO - CSV file is successfully downloaded to artifacts/raw\raw.csv
2025-09-07 15:08:36,918 - INFO - Starting the train-test splitting
2025-09-07 15:08:37,579 - INFO - Train data saved to artifacts/raw\train.csv
2025-09-07 15:08:37,579 - INFO - Test data saved to artifacts/raw\test.csv
2025-09-07 15:08:37,595 - INFO - Data ingestion completed
2025-09-07 15:08:37,595 - INFO - data Ingestion completed
2025-09-07 15:08:37,595 - INFO - Succesfully read YAML file
2025-09-07 15:08:37,595 - INFO - Loading Data from Raw directory
2025-09-07 15:08:37,595 - INFO - Loading data
2025-09-07 15:08:37,660 - INFO - Loading data
2025-09-07 15:08:37,676 - INFO - Starting Data Processing Step
2025-09-07 15:08:37,676 - INFO - Dropping the Columns
2025-09-07 15:08:37,754 - INFO - applying label encoding
2025-09-07 15:08:37,788 - INFO - Label mappings are
2025-09-07 15:08:37,788 - INFO - type_of_meal_plan: {'Meal Plan 1': np.int64(0), 'Meal Plan 2': np.int64(1), 'Meal Plan 3': np.int64(2), 'Not Selected': np.int64(3)}
2025-09-07 15:08:37,788 - INFO - required_car_parking_space: {np.int64(0): np.int64(0), np.int64(1): np.int64(1)}
2025-09-07 15:08:37,788 - INFO - room_type_reserved: {'Room_Type 1': np.int64(0), 'Room_Type 2': np.int64(1), 'Room_Type 3': np.int64(2), 'Room_Type 4': np.int64(3), 'Room_Type 5': np.int64(4), 'Room_Type 6': np.int64(5), 'Room_Type 7': np.int64(6)}
2025-09-07 15:08:37,788 - INFO - market_segment_type: {'Aviation': np.int64(0), 'Complementary': np.int64(1), 'Corporate': np.int64(2), 'Offline': np.int64(3), 'Online': np.int64(4)}
2025-09-07 15:08:37,788 - INFO - repeated_guest: {np.int64(0): np.int64(0), np.int64(1): np.int64(1)}
2025-09-07 15:08:37,788 - INFO - booking_status: {'Canceled': np.int64(0), 'Not_Canceled': np.int64(1)}
2025-09-07 15:08:37,788 - INFO - Starting Data Processing Step
2025-09-07 15:08:37,788 - INFO - Dropping the Columns
2025-09-07 15:08:37,788 - INFO - applying label encoding
2025-09-07 15:08:37,797 - INFO - Label mappings are
2025-09-07 15:08:37,797 - INFO - type_of_meal_plan: {'Meal Plan 1': np.int64(0), 'Meal Plan 2': np.int64(1), 'Meal Plan 3': np.int64(2), 'Not Selected': np.int64(3)}
2025-09-07 15:08:37,797 - INFO - required_car_parking_space: {np.int64(0): np.int64(0), np.int64(1): np.int64(1)}
2025-09-07 15:08:37,797 - INFO - room_type_reserved: {'Room_Type 1': np.int64(0), 'Room_Type 2': np.int64(1), 'Room_Type 3': np.int64(2), 'Room_Type 4': np.int64(3), 'Room_Type 5': np.int64(4), 'Room_Type 6': np.int64(5), 'Room_Type 7': np.int64(6)}
2025-09-07 15:08:37,797 - INFO - market_segment_type: {'Aviation': np.int64(0), 'Complementary': np.int64(1), 'Corporate': np.int64(2), 'Offline': np.int64(3), 'Online': np.int64(4)}
2025-09-07 15:08:37,797 - INFO - repeated_guest: {np.int64(0): np.int64(0), np.int64(1): np.int64(1)}
2025-09-07 15:08:37,797 - INFO - booking_status: {'Canceled': np.int64(0), 'Not_Canceled': np.int64(1)}
2025-09-07 15:08:37,797 - INFO - Handing Imabalanced data
2025-09-07 15:08:39,725 - INFO - Data Balanced success
2025-09-07 15:08:39,727 - INFO - Handing Imabalanced data
2025-09-07 15:08:39,756 - INFO - Data Balanced success
2025-09-07 15:08:39,758 - INFO - Starting Feature Selection step
2025-09-07 15:08:43,048 - INFO - Top 10 Features are ['lead_time', 'no_of_special_requests', 'avg_price_per_room', 'arrival_month', 'arrival_date', 'market_segment_type', 'no_of_week_nights', 'no_of_weekend_nights', 'type_of_meal_plan', 'room_type_reserved'] 
2025-09-07 15:08:43,054 - INFO - Feature Selection Completed
2025-09-07 15:08:43,054 - INFO - Save data in processed folder
2025-09-07 15:08:43,127 - INFO - Data Save successfully to artifacts/processed\processed_train.csv
2025-09-07 15:08:43,127 - INFO - Save data in processed folder
2025-09-07 15:08:43,159 - INFO - Data Save successfully to artifacts/processed\processed_test.csv
2025-09-07 15:08:43,159 - INFO - Data processing done successfully
2025-09-07 15:08:51,404 - INFO - Starting model training pipeline
2025-09-07 15:08:51,404 - INFO - Starting MLFLOW experimentation
2025-09-07 15:08:51,404 - INFO - Loggin training and testing dataset to MLFLOW
2025-09-07 15:08:51,428 - INFO - loading training data from artifacts/processed\processed_train.csv
2025-09-07 15:08:51,428 - INFO - Loading data
2025-09-07 15:08:51,443 - INFO - loading test data from artifacts/processed\processed_test.csv
2025-09-07 15:08:51,443 - INFO - Loading data
2025-09-07 15:08:51,443 - INFO - Data splitted successfully for Model Training
2025-09-07 15:08:51,443 - INFO - Initializing model
2025-09-07 15:08:51,443 - INFO - starting hyperparams tuning
2025-09-07 15:09:23,869 - INFO - hyparam tuning completed
2025-09-07 15:09:23,869 - INFO - Best Params are: {'boosting_type': 'gbdt', 'learning_rate': np.float64(0.1293700315892974), 'max_depth': 23, 'n_estimators': 314, 'num_leaves': 94}
2025-09-07 15:09:23,869 - INFO - Evaluating model
2025-09-07 15:09:23,969 - INFO - Accuracy score: 0.8790725326991676
2025-09-07 15:09:23,969 - INFO - Precision score: 0.865428702430078
2025-09-07 15:09:23,969 - INFO - Recall score: 0.8977407847800237
2025-09-07 15:09:23,969 - INFO - F1 score: 0.8812886658106689
2025-09-07 15:09:23,969 - INFO - Output Directory created
2025-09-07 15:09:24,134 - INFO - Model saved to artifacts/models/lgbm_model.pkl
2025-09-07 15:09:24,134 - INFO - Logging the model
2025-09-07 15:09:24,138 - INFO - logging params
2025-09-07 15:09:24,195 - INFO - logging metrics
2025-09-07 15:09:24,270 - INFO - Model training successfully completed
